<?xml version="1.0" encoding="UTF-8"?>
<testng-results skipped="0" failed="0" total="1" passed="1">
  <reporter-output>
  </reporter-output>
  <suite name="Default suite" duration-ms="37780" started-at="2016-03-27T19:33:19Z" finished-at="2016-03-27T19:33:57Z">
    <groups>
    </groups>
    <test name="Default test" duration-ms="37780" started-at="2016-03-27T19:33:19Z" finished-at="2016-03-27T19:33:57Z">
      <class name="com.gmail.test.GmailTest">
        <test-method status="PASS" signature="getUrl()[pri:0, instance:com.gmail.test.GmailTest@5419f379]" name="getUrl" is-config="true" duration-ms="7541" started-at="2016-03-27T12:33:19Z" finished-at="2016-03-27T12:33:27Z">
          <reporter-output>
          </reporter-output>
        </test-method> <!-- getUrl -->
        <test-method status="PASS" signature="Login()[pri:0, instance:com.gmail.test.GmailTest@5419f379]" name="Login" duration-ms="30223" started-at="2016-03-27T12:33:27Z" finished-at="2016-03-27T12:33:57Z">
          <reporter-output>
          </reporter-output>
        </test-method> <!-- Login -->
      </class> <!-- com.gmail.test.GmailTest -->
    </test> <!-- Default test -->
  </suite> <!-- Default suite -->
</testng-results>
